<?xml version="1.0" encoding="UTF-8"?>
<testsuite xmlns:xsi="http://www.w3.org/2001/XMLSchema-instance" xsi:noNamespaceSchemaLocation="https://maven.apache.org/surefire/maven-surefire-plugin/xsd/surefire-test-report-3.0.xsd" version="3.0" name="com.xevgnov.spring.testing.integration.ExchangeControllerWireMockH2Test" time="7.697" tests="1" errors="1" skipped="0" failures="0">
  <properties>
    <property name="java.specification.version" value="21"/>
    <property name="sun.cpu.isalist" value="amd64"/>
    <property name="sun.jnu.encoding" value="Cp1252"/>
    <property name="java.class.path" value="C:\Users\ENovikov\Projects\spring-questions-training\16-integration-testing-with-spring\spring-testing\target\test-classes;C:\Users\ENovikov\Projects\spring-questions-training\16-integration-testing-with-spring\spring-testing\target\classes;C:\Users\ENovikov\.m2\repository\org\springframework\boot\spring-boot-starter-data-jpa\3.3.2\spring-boot-starter-data-jpa-3.3.2.jar;C:\Users\ENovikov\.m2\repository\org\springframework\boot\spring-boot-starter-aop\3.3.2\spring-boot-starter-aop-3.3.2.jar;C:\Users\ENovikov\.m2\repository\org\springframework\spring-aop\6.1.11\spring-aop-6.1.11.jar;C:\Users\ENovikov\.m2\repository\org\aspectj\aspectjweaver\1.9.22.1\aspectjweaver-1.9.22.1.jar;C:\Users\ENovikov\.m2\repository\org\springframework\boot\spring-boot-starter-jdbc\3.3.2\spring-boot-starter-jdbc-3.3.2.jar;C:\Users\ENovikov\.m2\repository\com\zaxxer\HikariCP\5.1.0\HikariCP-5.1.0.jar;C:\Users\ENovikov\.m2\repository\org\springframework\spring-jdbc\6.1.11\spring-jdbc-6.1.11.jar;C:\Users\ENovikov\.m2\repository\org\hibernate\orm\hibernate-core\6.5.2.Final\hibernate-core-6.5.2.Final.jar;C:\Users\ENovikov\.m2\repository\jakarta\persistence\jakarta.persistence-api\3.1.0\jakarta.persistence-api-3.1.0.jar;C:\Users\ENovikov\.m2\repository\jakarta\transaction\jakarta.transaction-api\2.0.1\jakarta.transaction-api-2.0.1.jar;C:\Users\ENovikov\.m2\repository\org\jboss\logging\jboss-logging\3.5.3.Final\jboss-logging-3.5.3.Final.jar;C:\Users\ENovikov\.m2\repository\org\hibernate\common\hibernate-commons-annotations\6.0.6.Final\hibernate-commons-annotations-6.0.6.Final.jar;C:\Users\ENovikov\.m2\repository\io\smallrye\jandex\3.1.2\jandex-3.1.2.jar;C:\Users\ENovikov\.m2\repository\com\fasterxml\classmate\1.7.0\classmate-1.7.0.jar;C:\Users\ENovikov\.m2\repository\org\glassfish\jaxb\jaxb-runtime\4.0.5\jaxb-runtime-4.0.5.jar;C:\Users\ENovikov\.m2\repository\org\glassfish\jaxb\jaxb-core\4.0.5\jaxb-core-4.0.5.jar;C:\Users\ENovikov\.m2\repository\org\eclipse\angus\angus-activation\2.0.2\angus-activation-2.0.2.jar;C:\Users\ENovikov\.m2\repository\org\glassfish\jaxb\txw2\4.0.5\txw2-4.0.5.jar;C:\Users\ENovikov\.m2\repository\com\sun\istack\istack-commons-runtime\4.1.2\istack-commons-runtime-4.1.2.jar;C:\Users\ENovikov\.m2\repository\jakarta\inject\jakarta.inject-api\2.0.1\jakarta.inject-api-2.0.1.jar;C:\Users\ENovikov\.m2\repository\org\antlr\antlr4-runtime\4.13.0\antlr4-runtime-4.13.0.jar;C:\Users\ENovikov\.m2\repository\org\springframework\data\spring-data-jpa\3.3.2\spring-data-jpa-3.3.2.jar;C:\Users\ENovikov\.m2\repository\org\springframework\data\spring-data-commons\3.3.2\spring-data-commons-3.3.2.jar;C:\Users\ENovikov\.m2\repository\org\springframework\spring-orm\6.1.11\spring-orm-6.1.11.jar;C:\Users\ENovikov\.m2\repository\org\springframework\spring-context\6.1.11\spring-context-6.1.11.jar;C:\Users\ENovikov\.m2\repository\org\springframework\spring-tx\6.1.11\spring-tx-6.1.11.jar;C:\Users\ENovikov\.m2\repository\org\springframework\spring-beans\6.1.11\spring-beans-6.1.11.jar;C:\Users\ENovikov\.m2\repository\jakarta\annotation\jakarta.annotation-api\2.1.1\jakarta.annotation-api-2.1.1.jar;C:\Users\ENovikov\.m2\repository\org\springframework\spring-aspects\6.1.11\spring-aspects-6.1.11.jar;C:\Users\ENovikov\.m2\repository\org\springframework\boot\spring-boot-starter-web\3.3.2\spring-boot-starter-web-3.3.2.jar;C:\Users\ENovikov\.m2\repository\org\springframework\boot\spring-boot-starter\3.3.2\spring-boot-starter-3.3.2.jar;C:\Users\ENovikov\.m2\repository\org\springframework\boot\spring-boot\3.3.2\spring-boot-3.3.2.jar;C:\Users\ENovikov\.m2\repository\org\springframework\boot\spring-boot-autoconfigure\3.3.2\spring-boot-autoconfigure-3.3.2.jar;C:\Users\ENovikov\.m2\repository\org\springframework\boot\spring-boot-starter-logging\3.3.2\spring-boot-starter-logging-3.3.2.jar;C:\Users\ENovikov\.m2\repository\ch\qos\logback\logback-classic\1.5.6\logback-classic-1.5.6.jar;C:\Users\ENovikov\.m2\repository\ch\qos\logback\logback-core\1.5.6\logback-core-1.5.6.jar;C:\Users\ENovikov\.m2\repository\org\apache\logging\log4j\log4j-to-slf4j\2.23.1\log4j-to-slf4j-2.23.1.jar;C:\Users\ENovikov\.m2\repository\org\apache\logging\log4j\log4j-api\2.23.1\log4j-api-2.23.1.jar;C:\Users\ENovikov\.m2\repository\org\slf4j\jul-to-slf4j\2.0.13\jul-to-slf4j-2.0.13.jar;C:\Users\ENovikov\.m2\repository\org\yaml\snakeyaml\2.2\snakeyaml-2.2.jar;C:\Users\ENovikov\.m2\repository\org\springframework\boot\spring-boot-starter-json\3.3.2\spring-boot-starter-json-3.3.2.jar;C:\Users\ENovikov\.m2\repository\com\fasterxml\jackson\datatype\jackson-datatype-jdk8\2.17.2\jackson-datatype-jdk8-2.17.2.jar;C:\Users\ENovikov\.m2\repository\com\fasterxml\jackson\module\jackson-module-parameter-names\2.17.2\jackson-module-parameter-names-2.17.2.jar;C:\Users\ENovikov\.m2\repository\org\springframework\boot\spring-boot-starter-tomcat\3.3.2\spring-boot-starter-tomcat-3.3.2.jar;C:\Users\ENovikov\.m2\repository\org\apache\tomcat\embed\tomcat-embed-core\10.1.26\tomcat-embed-core-10.1.26.jar;C:\Users\ENovikov\.m2\repository\org\apache\tomcat\embed\tomcat-embed-websocket\10.1.26\tomcat-embed-websocket-10.1.26.jar;C:\Users\ENovikov\.m2\repository\org\springframework\spring-web\6.1.11\spring-web-6.1.11.jar;C:\Users\ENovikov\.m2\repository\io\micrometer\micrometer-observation\1.13.2\micrometer-observation-1.13.2.jar;C:\Users\ENovikov\.m2\repository\io\micrometer\micrometer-commons\1.13.2\micrometer-commons-1.13.2.jar;C:\Users\ENovikov\.m2\repository\org\springframework\spring-webmvc\6.1.11\spring-webmvc-6.1.11.jar;C:\Users\ENovikov\.m2\repository\org\springframework\spring-expression\6.1.11\spring-expression-6.1.11.jar;C:\Users\ENovikov\.m2\repository\org\springframework\boot\spring-boot-starter-validation\3.3.2\spring-boot-starter-validation-3.3.2.jar;C:\Users\ENovikov\.m2\repository\org\apache\tomcat\embed\tomcat-embed-el\10.1.26\tomcat-embed-el-10.1.26.jar;C:\Users\ENovikov\.m2\repository\org\hibernate\validator\hibernate-validator\8.0.1.Final\hibernate-validator-8.0.1.Final.jar;C:\Users\ENovikov\.m2\repository\jakarta\validation\jakarta.validation-api\3.0.2\jakarta.validation-api-3.0.2.jar;C:\Users\ENovikov\.m2\repository\org\springframework\cloud\spring-cloud-starter-openfeign\4.1.3\spring-cloud-starter-openfeign-4.1.3.jar;C:\Users\ENovikov\.m2\repository\org\springframework\cloud\spring-cloud-starter\4.1.4\spring-cloud-starter-4.1.4.jar;C:\Users\ENovikov\.m2\repository\org\springframework\cloud\spring-cloud-context\4.1.4\spring-cloud-context-4.1.4.jar;C:\Users\ENovikov\.m2\repository\org\springframework\security\spring-security-rsa\1.1.3\spring-security-rsa-1.1.3.jar;C:\Users\ENovikov\.m2\repository\org\bouncycastle\bcprov-jdk18on\1.78\bcprov-jdk18on-1.78.jar;C:\Users\ENovikov\.m2\repository\org\springframework\cloud\spring-cloud-openfeign-core\4.1.3\spring-cloud-openfeign-core-4.1.3.jar;C:\Users\ENovikov\.m2\repository\io\github\openfeign\form\feign-form-spring\3.8.0\feign-form-spring-3.8.0.jar;C:\Users\ENovikov\.m2\repository\io\github\openfeign\form\feign-form\3.8.0\feign-form-3.8.0.jar;C:\Users\ENovikov\.m2\repository\commons-fileupload\commons-fileupload\1.5\commons-fileupload-1.5.jar;C:\Users\ENovikov\.m2\repository\commons-io\commons-io\2.11.0\commons-io-2.11.0.jar;C:\Users\ENovikov\.m2\repository\org\springframework\cloud\spring-cloud-commons\4.1.4\spring-cloud-commons-4.1.4.jar;C:\Users\ENovikov\.m2\repository\org\springframework\security\spring-security-crypto\6.3.1\spring-security-crypto-6.3.1.jar;C:\Users\ENovikov\.m2\repository\io\github\openfeign\feign-core\13.3\feign-core-13.3.jar;C:\Users\ENovikov\.m2\repository\io\github\openfeign\feign-slf4j\13.3\feign-slf4j-13.3.jar;C:\Users\ENovikov\.m2\repository\org\wiremock\integrations\wiremock-spring-boot\3.3.0\wiremock-spring-boot-3.3.0.jar;C:\Users\ENovikov\.m2\repository\org\wiremock\wiremock-jetty12\3.10.0\wiremock-jetty12-3.10.0.jar;C:\Users\ENovikov\.m2\repository\org\wiremock\wiremock\3.10.0\wiremock-3.10.0.jar;C:\Users\ENovikov\.m2\repository\com\google\guava\guava\33.3.1-jre\guava-33.3.1-jre.jar;C:\Users\ENovikov\.m2\repository\com\google\guava\failureaccess\1.0.2\failureaccess-1.0.2.jar;C:\Users\ENovikov\.m2\repository\com\google\guava\listenablefuture\9999.0-empty-to-avoid-conflict-with-guava\listenablefuture-9999.0-empty-to-avoid-conflict-with-guava.jar;C:\Users\ENovikov\.m2\repository\org\checkerframework\checker-qual\3.43.0\checker-qual-3.43.0.jar;C:\Users\ENovikov\.m2\repository\com\google\errorprone\error_prone_annotations\2.28.0\error_prone_annotations-2.28.0.jar;C:\Users\ENovikov\.m2\repository\com\google\j2objc\j2objc-annotations\3.0.0\j2objc-annotations-3.0.0.jar;C:\Users\ENovikov\.m2\repository\org\apache\httpcomponents\client5\httpclient5\5.3.1\httpclient5-5.3.1.jar;C:\Users\ENovikov\.m2\repository\org\apache\httpcomponents\core5\httpcore5\5.2.5\httpcore5-5.2.5.jar;C:\Users\ENovikov\.m2\repository\org\apache\httpcomponents\core5\httpcore5-h2\5.2.5\httpcore5-h2-5.2.5.jar;C:\Users\ENovikov\.m2\repository\org\xmlunit\xmlunit-legacy\2.9.1\xmlunit-legacy-2.9.1.jar;C:\Users\ENovikov\.m2\repository\org\xmlunit\xmlunit-placeholders\2.9.1\xmlunit-placeholders-2.9.1.jar;C:\Users\ENovikov\.m2\repository\net\javacrumbs\json-unit\json-unit-core\2.40.1\json-unit-core-2.40.1.jar;C:\Users\ENovikov\.m2\repository\org\hamcrest\hamcrest-core\2.2\hamcrest-core-2.2.jar;C:\Users\ENovikov\.m2\repository\net\sf\jopt-simple\jopt-simple\5.0.4\jopt-simple-5.0.4.jar;C:\Users\ENovikov\.m2\repository\com\github\jknack\handlebars\4.3.1\handlebars-4.3.1.jar;C:\Users\ENovikov\.m2\repository\com\github\jknack\handlebars-helpers\4.3.1\handlebars-helpers-4.3.1.jar;C:\Users\ENovikov\.m2\repository\com\networknt\json-schema-validator\1.5.4\json-schema-validator-1.5.4.jar;C:\Users\ENovikov\.m2\repository\com\ethlo\time\itu\1.10.2\itu-1.10.2.jar;C:\Users\ENovikov\.m2\repository\com\fasterxml\jackson\dataformat\jackson-dataformat-yaml\2.17.2\jackson-dataformat-yaml-2.17.2.jar;C:\Users\ENovikov\.m2\repository\org\eclipse\jetty\jetty-server\12.0.11\jetty-server-12.0.11.jar;C:\Users\ENovikov\.m2\repository\org\eclipse\jetty\jetty-http\12.0.11\jetty-http-12.0.11.jar;C:\Users\ENovikov\.m2\repository\org\eclipse\jetty\jetty-io\12.0.11\jetty-io-12.0.11.jar;C:\Users\ENovikov\.m2\repository\org\eclipse\jetty\jetty-proxy\12.0.11\jetty-proxy-12.0.11.jar;C:\Users\ENovikov\.m2\repository\org\eclipse\jetty\jetty-client\12.0.11\jetty-client-12.0.11.jar;C:\Users\ENovikov\.m2\repository\org\eclipse\jetty\jetty-alpn-server\12.0.11\jetty-alpn-server-12.0.11.jar;C:\Users\ENovikov\.m2\repository\org\eclipse\jetty\jetty-alpn-java-server\12.0.11\jetty-alpn-java-server-12.0.11.jar;C:\Users\ENovikov\.m2\repository\org\eclipse\jetty\jetty-alpn-java-client\12.0.11\jetty-alpn-java-client-12.0.11.jar;C:\Users\ENovikov\.m2\repository\org\eclipse\jetty\jetty-alpn-client\12.0.11\jetty-alpn-client-12.0.11.jar;C:\Users\ENovikov\.m2\repository\org\eclipse\jetty\ee10\jetty-ee10-servlet\12.0.11\jetty-ee10-servlet-12.0.11.jar;C:\Users\ENovikov\.m2\repository\jakarta\servlet\jakarta.servlet-api\6.0.0\jakarta.servlet-api-6.0.0.jar;C:\Users\ENovikov\.m2\repository\org\eclipse\jetty\jetty-security\12.0.11\jetty-security-12.0.11.jar;C:\Users\ENovikov\.m2\repository\org\eclipse\jetty\jetty-session\12.0.11\jetty-session-12.0.11.jar;C:\Users\ENovikov\.m2\repository\org\eclipse\jetty\ee10\jetty-ee10-servlets\12.0.11\jetty-ee10-servlets-12.0.11.jar;C:\Users\ENovikov\.m2\repository\org\eclipse\jetty\jetty-util\12.0.11\jetty-util-12.0.11.jar;C:\Users\ENovikov\.m2\repository\org\eclipse\jetty\ee10\jetty-ee10-webapp\12.0.11\jetty-ee10-webapp-12.0.11.jar;C:\Users\ENovikov\.m2\repository\org\eclipse\jetty\jetty-ee\12.0.11\jetty-ee-12.0.11.jar;C:\Users\ENovikov\.m2\repository\org\eclipse\jetty\jetty-xml\12.0.11\jetty-xml-12.0.11.jar;C:\Users\ENovikov\.m2\repository\org\eclipse\jetty\http2\jetty-http2-server\12.0.11\jetty-http2-server-12.0.11.jar;C:\Users\ENovikov\.m2\repository\org\eclipse\jetty\http2\jetty-http2-common\12.0.11\jetty-http2-common-12.0.11.jar;C:\Users\ENovikov\.m2\repository\org\eclipse\jetty\http2\jetty-http2-hpack\12.0.11\jetty-http2-hpack-12.0.11.jar;C:\Users\ENovikov\.m2\repository\org\springframework\boot\spring-boot-test\3.3.2\spring-boot-test-3.3.2.jar;C:\Users\ENovikov\.m2\repository\org\springframework\spring-test\6.1.11\spring-test-6.1.11.jar;C:\Users\ENovikov\.m2\repository\org\slf4j\slf4j-api\2.0.13\slf4j-api-2.0.13.jar;C:\Users\ENovikov\.m2\repository\org\junit\jupiter\junit-jupiter-api\5.10.3\junit-jupiter-api-5.10.3.jar;C:\Users\ENovikov\.m2\repository\org\opentest4j\opentest4j\1.3.0\opentest4j-1.3.0.jar;C:\Users\ENovikov\.m2\repository\org\junit\platform\junit-platform-commons\1.10.3\junit-platform-commons-1.10.3.jar;C:\Users\ENovikov\.m2\repository\org\apiguardian\apiguardian-api\1.1.2\apiguardian-api-1.1.2.jar;C:\Users\ENovikov\.m2\repository\com\h2database\h2\2.2.224\h2-2.2.224.jar;C:\Users\ENovikov\.m2\repository\org\springframework\boot\spring-boot-starter-test\3.3.2\spring-boot-starter-test-3.3.2.jar;C:\Users\ENovikov\.m2\repository\org\springframework\boot\spring-boot-test-autoconfigure\3.3.2\spring-boot-test-autoconfigure-3.3.2.jar;C:\Users\ENovikov\.m2\repository\com\jayway\jsonpath\json-path\2.9.0\json-path-2.9.0.jar;C:\Users\ENovikov\.m2\repository\jakarta\xml\bind\jakarta.xml.bind-api\4.0.2\jakarta.xml.bind-api-4.0.2.jar;C:\Users\ENovikov\.m2\repository\jakarta\activation\jakarta.activation-api\2.1.3\jakarta.activation-api-2.1.3.jar;C:\Users\ENovikov\.m2\repository\net\minidev\json-smart\2.5.1\json-smart-2.5.1.jar;C:\Users\ENovikov\.m2\repository\net\minidev\accessors-smart\2.5.1\accessors-smart-2.5.1.jar;C:\Users\ENovikov\.m2\repository\org\ow2\asm\asm\9.6\asm-9.6.jar;C:\Users\ENovikov\.m2\repository\org\awaitility\awaitility\4.2.1\awaitility-4.2.1.jar;C:\Users\ENovikov\.m2\repository\org\hamcrest\hamcrest\2.2\hamcrest-2.2.jar;C:\Users\ENovikov\.m2\repository\org\junit\jupiter\junit-jupiter\5.10.3\junit-jupiter-5.10.3.jar;C:\Users\ENovikov\.m2\repository\org\junit\jupiter\junit-jupiter-params\5.10.3\junit-jupiter-params-5.10.3.jar;C:\Users\ENovikov\.m2\repository\org\junit\jupiter\junit-jupiter-engine\5.10.3\junit-jupiter-engine-5.10.3.jar;C:\Users\ENovikov\.m2\repository\org\junit\platform\junit-platform-engine\1.10.3\junit-platform-engine-1.10.3.jar;C:\Users\ENovikov\.m2\repository\org\mockito\mockito-core\5.11.0\mockito-core-5.11.0.jar;C:\Users\ENovikov\.m2\repository\net\bytebuddy\byte-buddy-agent\1.14.18\byte-buddy-agent-1.14.18.jar;C:\Users\ENovikov\.m2\repository\org\objenesis\objenesis\3.3\objenesis-3.3.jar;C:\Users\ENovikov\.m2\repository\org\mockito\mockito-junit-jupiter\5.11.0\mockito-junit-jupiter-5.11.0.jar;C:\Users\ENovikov\.m2\repository\org\skyscreamer\jsonassert\1.5.3\jsonassert-1.5.3.jar;C:\Users\ENovikov\.m2\repository\com\vaadin\external\google\android-json\0.0.20131108.vaadin1\android-json-0.0.20131108.vaadin1.jar;C:\Users\ENovikov\.m2\repository\org\springframework\spring-core\6.1.11\spring-core-6.1.11.jar;C:\Users\ENovikov\.m2\repository\org\springframework\spring-jcl\6.1.11\spring-jcl-6.1.11.jar;C:\Users\ENovikov\.m2\repository\org\xmlunit\xmlunit-core\2.9.1\xmlunit-core-2.9.1.jar;C:\Users\ENovikov\.m2\repository\org\projectlombok\lombok\1.18.32\lombok-1.18.32.jar;C:\Users\ENovikov\.m2\repository\com\fasterxml\jackson\datatype\jackson-datatype-jsr310\2.17.2\jackson-datatype-jsr310-2.17.2.jar;C:\Users\ENovikov\.m2\repository\com\fasterxml\jackson\core\jackson-annotations\2.17.2\jackson-annotations-2.17.2.jar;C:\Users\ENovikov\.m2\repository\com\fasterxml\jackson\core\jackson-core\2.17.2\jackson-core-2.17.2.jar;C:\Users\ENovikov\.m2\repository\com\fasterxml\jackson\core\jackson-databind\2.17.2\jackson-databind-2.17.2.jar;C:\Users\ENovikov\.m2\repository\org\assertj\assertj-core\3.26.3\assertj-core-3.26.3.jar;C:\Users\ENovikov\.m2\repository\net\bytebuddy\byte-buddy\1.14.18\byte-buddy-1.14.18.jar;"/>
    <property name="java.vm.vendor" value="Oracle Corporation"/>
    <property name="sun.arch.data.model" value="64"/>
    <property name="user.variant" value=""/>
    <property name="catalina.useNaming" value="false"/>
    <property name="java.vendor.url" value="https://java.oracle.com/"/>
    <property name="user.timezone" value="Europe/Warsaw"/>
    <property name="org.jboss.logging.provider" value="slf4j"/>
    <property name="os.name" value="Windows 10"/>
    <property name="java.vm.specification.version" value="21"/>
    <property name="sun.java.launcher" value="SUN_STANDARD"/>
    <property name="user.country" value="US"/>
    <property name="sun.boot.library.path" value="C:\Users\ENovikov\java\jdk-21.0.2\bin"/>
    <property name="sun.java.command" value="C:\Users\ENovikov\AppData\Local\Temp\surefire1502856043257844781\surefirebooter-20250111172828556_3.jar C:\Users\ENovikov\AppData\Local\Temp\surefire1502856043257844781 2025-01-11T17-28-27_532-jvmRun1 surefire-20250111172828556_1tmp surefire_0-20250111172828556_2tmp"/>
    <property name="jdk.debug" value="release"/>
    <property name="surefire.test.class.path" value="C:\Users\ENovikov\Projects\spring-questions-training\16-integration-testing-with-spring\spring-testing\target\test-classes;C:\Users\ENovikov\Projects\spring-questions-training\16-integration-testing-with-spring\spring-testing\target\classes;C:\Users\ENovikov\.m2\repository\org\springframework\boot\spring-boot-starter-data-jpa\3.3.2\spring-boot-starter-data-jpa-3.3.2.jar;C:\Users\ENovikov\.m2\repository\org\springframework\boot\spring-boot-starter-aop\3.3.2\spring-boot-starter-aop-3.3.2.jar;C:\Users\ENovikov\.m2\repository\org\springframework\spring-aop\6.1.11\spring-aop-6.1.11.jar;C:\Users\ENovikov\.m2\repository\org\aspectj\aspectjweaver\1.9.22.1\aspectjweaver-1.9.22.1.jar;C:\Users\ENovikov\.m2\repository\org\springframework\boot\spring-boot-starter-jdbc\3.3.2\spring-boot-starter-jdbc-3.3.2.jar;C:\Users\ENovikov\.m2\repository\com\zaxxer\HikariCP\5.1.0\HikariCP-5.1.0.jar;C:\Users\ENovikov\.m2\repository\org\springframework\spring-jdbc\6.1.11\spring-jdbc-6.1.11.jar;C:\Users\ENovikov\.m2\repository\org\hibernate\orm\hibernate-core\6.5.2.Final\hibernate-core-6.5.2.Final.jar;C:\Users\ENovikov\.m2\repository\jakarta\persistence\jakarta.persistence-api\3.1.0\jakarta.persistence-api-3.1.0.jar;C:\Users\ENovikov\.m2\repository\jakarta\transaction\jakarta.transaction-api\2.0.1\jakarta.transaction-api-2.0.1.jar;C:\Users\ENovikov\.m2\repository\org\jboss\logging\jboss-logging\3.5.3.Final\jboss-logging-3.5.3.Final.jar;C:\Users\ENovikov\.m2\repository\org\hibernate\common\hibernate-commons-annotations\6.0.6.Final\hibernate-commons-annotations-6.0.6.Final.jar;C:\Users\ENovikov\.m2\repository\io\smallrye\jandex\3.1.2\jandex-3.1.2.jar;C:\Users\ENovikov\.m2\repository\com\fasterxml\classmate\1.7.0\classmate-1.7.0.jar;C:\Users\ENovikov\.m2\repository\org\glassfish\jaxb\jaxb-runtime\4.0.5\jaxb-runtime-4.0.5.jar;C:\Users\ENovikov\.m2\repository\org\glassfish\jaxb\jaxb-core\4.0.5\jaxb-core-4.0.5.jar;C:\Users\ENovikov\.m2\repository\org\eclipse\angus\angus-activation\2.0.2\angus-activation-2.0.2.jar;C:\Users\ENovikov\.m2\repository\org\glassfish\jaxb\txw2\4.0.5\txw2-4.0.5.jar;C:\Users\ENovikov\.m2\repository\com\sun\istack\istack-commons-runtime\4.1.2\istack-commons-runtime-4.1.2.jar;C:\Users\ENovikov\.m2\repository\jakarta\inject\jakarta.inject-api\2.0.1\jakarta.inject-api-2.0.1.jar;C:\Users\ENovikov\.m2\repository\org\antlr\antlr4-runtime\4.13.0\antlr4-runtime-4.13.0.jar;C:\Users\ENovikov\.m2\repository\org\springframework\data\spring-data-jpa\3.3.2\spring-data-jpa-3.3.2.jar;C:\Users\ENovikov\.m2\repository\org\springframework\data\spring-data-commons\3.3.2\spring-data-commons-3.3.2.jar;C:\Users\ENovikov\.m2\repository\org\springframework\spring-orm\6.1.11\spring-orm-6.1.11.jar;C:\Users\ENovikov\.m2\repository\org\springframework\spring-context\6.1.11\spring-context-6.1.11.jar;C:\Users\ENovikov\.m2\repository\org\springframework\spring-tx\6.1.11\spring-tx-6.1.11.jar;C:\Users\ENovikov\.m2\repository\org\springframework\spring-beans\6.1.11\spring-beans-6.1.11.jar;C:\Users\ENovikov\.m2\repository\jakarta\annotation\jakarta.annotation-api\2.1.1\jakarta.annotation-api-2.1.1.jar;C:\Users\ENovikov\.m2\repository\org\springframework\spring-aspects\6.1.11\spring-aspects-6.1.11.jar;C:\Users\ENovikov\.m2\repository\org\springframework\boot\spring-boot-starter-web\3.3.2\spring-boot-starter-web-3.3.2.jar;C:\Users\ENovikov\.m2\repository\org\springframework\boot\spring-boot-starter\3.3.2\spring-boot-starter-3.3.2.jar;C:\Users\ENovikov\.m2\repository\org\springframework\boot\spring-boot\3.3.2\spring-boot-3.3.2.jar;C:\Users\ENovikov\.m2\repository\org\springframework\boot\spring-boot-autoconfigure\3.3.2\spring-boot-autoconfigure-3.3.2.jar;C:\Users\ENovikov\.m2\repository\org\springframework\boot\spring-boot-starter-logging\3.3.2\spring-boot-starter-logging-3.3.2.jar;C:\Users\ENovikov\.m2\repository\ch\qos\logback\logback-classic\1.5.6\logback-classic-1.5.6.jar;C:\Users\ENovikov\.m2\repository\ch\qos\logback\logback-core\1.5.6\logback-core-1.5.6.jar;C:\Users\ENovikov\.m2\repository\org\apache\logging\log4j\log4j-to-slf4j\2.23.1\log4j-to-slf4j-2.23.1.jar;C:\Users\ENovikov\.m2\repository\org\apache\logging\log4j\log4j-api\2.23.1\log4j-api-2.23.1.jar;C:\Users\ENovikov\.m2\repository\org\slf4j\jul-to-slf4j\2.0.13\jul-to-slf4j-2.0.13.jar;C:\Users\ENovikov\.m2\repository\org\yaml\snakeyaml\2.2\snakeyaml-2.2.jar;C:\Users\ENovikov\.m2\repository\org\springframework\boot\spring-boot-starter-json\3.3.2\spring-boot-starter-json-3.3.2.jar;C:\Users\ENovikov\.m2\repository\com\fasterxml\jackson\datatype\jackson-datatype-jdk8\2.17.2\jackson-datatype-jdk8-2.17.2.jar;C:\Users\ENovikov\.m2\repository\com\fasterxml\jackson\module\jackson-module-parameter-names\2.17.2\jackson-module-parameter-names-2.17.2.jar;C:\Users\ENovikov\.m2\repository\org\springframework\boot\spring-boot-starter-tomcat\3.3.2\spring-boot-starter-tomcat-3.3.2.jar;C:\Users\ENovikov\.m2\repository\org\apache\tomcat\embed\tomcat-embed-core\10.1.26\tomcat-embed-core-10.1.26.jar;C:\Users\ENovikov\.m2\repository\org\apache\tomcat\embed\tomcat-embed-websocket\10.1.26\tomcat-embed-websocket-10.1.26.jar;C:\Users\ENovikov\.m2\repository\org\springframework\spring-web\6.1.11\spring-web-6.1.11.jar;C:\Users\ENovikov\.m2\repository\io\micrometer\micrometer-observation\1.13.2\micrometer-observation-1.13.2.jar;C:\Users\ENovikov\.m2\repository\io\micrometer\micrometer-commons\1.13.2\micrometer-commons-1.13.2.jar;C:\Users\ENovikov\.m2\repository\org\springframework\spring-webmvc\6.1.11\spring-webmvc-6.1.11.jar;C:\Users\ENovikov\.m2\repository\org\springframework\spring-expression\6.1.11\spring-expression-6.1.11.jar;C:\Users\ENovikov\.m2\repository\org\springframework\boot\spring-boot-starter-validation\3.3.2\spring-boot-starter-validation-3.3.2.jar;C:\Users\ENovikov\.m2\repository\org\apache\tomcat\embed\tomcat-embed-el\10.1.26\tomcat-embed-el-10.1.26.jar;C:\Users\ENovikov\.m2\repository\org\hibernate\validator\hibernate-validator\8.0.1.Final\hibernate-validator-8.0.1.Final.jar;C:\Users\ENovikov\.m2\repository\jakarta\validation\jakarta.validation-api\3.0.2\jakarta.validation-api-3.0.2.jar;C:\Users\ENovikov\.m2\repository\org\springframework\cloud\spring-cloud-starter-openfeign\4.1.3\spring-cloud-starter-openfeign-4.1.3.jar;C:\Users\ENovikov\.m2\repository\org\springframework\cloud\spring-cloud-starter\4.1.4\spring-cloud-starter-4.1.4.jar;C:\Users\ENovikov\.m2\repository\org\springframework\cloud\spring-cloud-context\4.1.4\spring-cloud-context-4.1.4.jar;C:\Users\ENovikov\.m2\repository\org\springframework\security\spring-security-rsa\1.1.3\spring-security-rsa-1.1.3.jar;C:\Users\ENovikov\.m2\repository\org\bouncycastle\bcprov-jdk18on\1.78\bcprov-jdk18on-1.78.jar;C:\Users\ENovikov\.m2\repository\org\springframework\cloud\spring-cloud-openfeign-core\4.1.3\spring-cloud-openfeign-core-4.1.3.jar;C:\Users\ENovikov\.m2\repository\io\github\openfeign\form\feign-form-spring\3.8.0\feign-form-spring-3.8.0.jar;C:\Users\ENovikov\.m2\repository\io\github\openfeign\form\feign-form\3.8.0\feign-form-3.8.0.jar;C:\Users\ENovikov\.m2\repository\commons-fileupload\commons-fileupload\1.5\commons-fileupload-1.5.jar;C:\Users\ENovikov\.m2\repository\commons-io\commons-io\2.11.0\commons-io-2.11.0.jar;C:\Users\ENovikov\.m2\repository\org\springframework\cloud\spring-cloud-commons\4.1.4\spring-cloud-commons-4.1.4.jar;C:\Users\ENovikov\.m2\repository\org\springframework\security\spring-security-crypto\6.3.1\spring-security-crypto-6.3.1.jar;C:\Users\ENovikov\.m2\repository\io\github\openfeign\feign-core\13.3\feign-core-13.3.jar;C:\Users\ENovikov\.m2\repository\io\github\openfeign\feign-slf4j\13.3\feign-slf4j-13.3.jar;C:\Users\ENovikov\.m2\repository\org\wiremock\integrations\wiremock-spring-boot\3.3.0\wiremock-spring-boot-3.3.0.jar;C:\Users\ENovikov\.m2\repository\org\wiremock\wiremock-jetty12\3.10.0\wiremock-jetty12-3.10.0.jar;C:\Users\ENovikov\.m2\repository\org\wiremock\wiremock\3.10.0\wiremock-3.10.0.jar;C:\Users\ENovikov\.m2\repository\com\google\guava\guava\33.3.1-jre\guava-33.3.1-jre.jar;C:\Users\ENovikov\.m2\repository\com\google\guava\failureaccess\1.0.2\failureaccess-1.0.2.jar;C:\Users\ENovikov\.m2\repository\com\google\guava\listenablefuture\9999.0-empty-to-avoid-conflict-with-guava\listenablefuture-9999.0-empty-to-avoid-conflict-with-guava.jar;C:\Users\ENovikov\.m2\repository\org\checkerframework\checker-qual\3.43.0\checker-qual-3.43.0.jar;C:\Users\ENovikov\.m2\repository\com\google\errorprone\error_prone_annotations\2.28.0\error_prone_annotations-2.28.0.jar;C:\Users\ENovikov\.m2\repository\com\google\j2objc\j2objc-annotations\3.0.0\j2objc-annotations-3.0.0.jar;C:\Users\ENovikov\.m2\repository\org\apache\httpcomponents\client5\httpclient5\5.3.1\httpclient5-5.3.1.jar;C:\Users\ENovikov\.m2\repository\org\apache\httpcomponents\core5\httpcore5\5.2.5\httpcore5-5.2.5.jar;C:\Users\ENovikov\.m2\repository\org\apache\httpcomponents\core5\httpcore5-h2\5.2.5\httpcore5-h2-5.2.5.jar;C:\Users\ENovikov\.m2\repository\org\xmlunit\xmlunit-legacy\2.9.1\xmlunit-legacy-2.9.1.jar;C:\Users\ENovikov\.m2\repository\org\xmlunit\xmlunit-placeholders\2.9.1\xmlunit-placeholders-2.9.1.jar;C:\Users\ENovikov\.m2\repository\net\javacrumbs\json-unit\json-unit-core\2.40.1\json-unit-core-2.40.1.jar;C:\Users\ENovikov\.m2\repository\org\hamcrest\hamcrest-core\2.2\hamcrest-core-2.2.jar;C:\Users\ENovikov\.m2\repository\net\sf\jopt-simple\jopt-simple\5.0.4\jopt-simple-5.0.4.jar;C:\Users\ENovikov\.m2\repository\com\github\jknack\handlebars\4.3.1\handlebars-4.3.1.jar;C:\Users\ENovikov\.m2\repository\com\github\jknack\handlebars-helpers\4.3.1\handlebars-helpers-4.3.1.jar;C:\Users\ENovikov\.m2\repository\com\networknt\json-schema-validator\1.5.4\json-schema-validator-1.5.4.jar;C:\Users\ENovikov\.m2\repository\com\ethlo\time\itu\1.10.2\itu-1.10.2.jar;C:\Users\ENovikov\.m2\repository\com\fasterxml\jackson\dataformat\jackson-dataformat-yaml\2.17.2\jackson-dataformat-yaml-2.17.2.jar;C:\Users\ENovikov\.m2\repository\org\eclipse\jetty\jetty-server\12.0.11\jetty-server-12.0.11.jar;C:\Users\ENovikov\.m2\repository\org\eclipse\jetty\jetty-http\12.0.11\jetty-http-12.0.11.jar;C:\Users\ENovikov\.m2\repository\org\eclipse\jetty\jetty-io\12.0.11\jetty-io-12.0.11.jar;C:\Users\ENovikov\.m2\repository\org\eclipse\jetty\jetty-proxy\12.0.11\jetty-proxy-12.0.11.jar;C:\Users\ENovikov\.m2\repository\org\eclipse\jetty\jetty-client\12.0.11\jetty-client-12.0.11.jar;C:\Users\ENovikov\.m2\repository\org\eclipse\jetty\jetty-alpn-server\12.0.11\jetty-alpn-server-12.0.11.jar;C:\Users\ENovikov\.m2\repository\org\eclipse\jetty\jetty-alpn-java-server\12.0.11\jetty-alpn-java-server-12.0.11.jar;C:\Users\ENovikov\.m2\repository\org\eclipse\jetty\jetty-alpn-java-client\12.0.11\jetty-alpn-java-client-12.0.11.jar;C:\Users\ENovikov\.m2\repository\org\eclipse\jetty\jetty-alpn-client\12.0.11\jetty-alpn-client-12.0.11.jar;C:\Users\ENovikov\.m2\repository\org\eclipse\jetty\ee10\jetty-ee10-servlet\12.0.11\jetty-ee10-servlet-12.0.11.jar;C:\Users\ENovikov\.m2\repository\jakarta\servlet\jakarta.servlet-api\6.0.0\jakarta.servlet-api-6.0.0.jar;C:\Users\ENovikov\.m2\repository\org\eclipse\jetty\jetty-security\12.0.11\jetty-security-12.0.11.jar;C:\Users\ENovikov\.m2\repository\org\eclipse\jetty\jetty-session\12.0.11\jetty-session-12.0.11.jar;C:\Users\ENovikov\.m2\repository\org\eclipse\jetty\ee10\jetty-ee10-servlets\12.0.11\jetty-ee10-servlets-12.0.11.jar;C:\Users\ENovikov\.m2\repository\org\eclipse\jetty\jetty-util\12.0.11\jetty-util-12.0.11.jar;C:\Users\ENovikov\.m2\repository\org\eclipse\jetty\ee10\jetty-ee10-webapp\12.0.11\jetty-ee10-webapp-12.0.11.jar;C:\Users\ENovikov\.m2\repository\org\eclipse\jetty\jetty-ee\12.0.11\jetty-ee-12.0.11.jar;C:\Users\ENovikov\.m2\repository\org\eclipse\jetty\jetty-xml\12.0.11\jetty-xml-12.0.11.jar;C:\Users\ENovikov\.m2\repository\org\eclipse\jetty\http2\jetty-http2-server\12.0.11\jetty-http2-server-12.0.11.jar;C:\Users\ENovikov\.m2\repository\org\eclipse\jetty\http2\jetty-http2-common\12.0.11\jetty-http2-common-12.0.11.jar;C:\Users\ENovikov\.m2\repository\org\eclipse\jetty\http2\jetty-http2-hpack\12.0.11\jetty-http2-hpack-12.0.11.jar;C:\Users\ENovikov\.m2\repository\org\springframework\boot\spring-boot-test\3.3.2\spring-boot-test-3.3.2.jar;C:\Users\ENovikov\.m2\repository\org\springframework\spring-test\6.1.11\spring-test-6.1.11.jar;C:\Users\ENovikov\.m2\repository\org\slf4j\slf4j-api\2.0.13\slf4j-api-2.0.13.jar;C:\Users\ENovikov\.m2\repository\org\junit\jupiter\junit-jupiter-api\5.10.3\junit-jupiter-api-5.10.3.jar;C:\Users\ENovikov\.m2\repository\org\opentest4j\opentest4j\1.3.0\opentest4j-1.3.0.jar;C:\Users\ENovikov\.m2\repository\org\junit\platform\junit-platform-commons\1.10.3\junit-platform-commons-1.10.3.jar;C:\Users\ENovikov\.m2\repository\org\apiguardian\apiguardian-api\1.1.2\apiguardian-api-1.1.2.jar;C:\Users\ENovikov\.m2\repository\com\h2database\h2\2.2.224\h2-2.2.224.jar;C:\Users\ENovikov\.m2\repository\org\springframework\boot\spring-boot-starter-test\3.3.2\spring-boot-starter-test-3.3.2.jar;C:\Users\ENovikov\.m2\repository\org\springframework\boot\spring-boot-test-autoconfigure\3.3.2\spring-boot-test-autoconfigure-3.3.2.jar;C:\Users\ENovikov\.m2\repository\com\jayway\jsonpath\json-path\2.9.0\json-path-2.9.0.jar;C:\Users\ENovikov\.m2\repository\jakarta\xml\bind\jakarta.xml.bind-api\4.0.2\jakarta.xml.bind-api-4.0.2.jar;C:\Users\ENovikov\.m2\repository\jakarta\activation\jakarta.activation-api\2.1.3\jakarta.activation-api-2.1.3.jar;C:\Users\ENovikov\.m2\repository\net\minidev\json-smart\2.5.1\json-smart-2.5.1.jar;C:\Users\ENovikov\.m2\repository\net\minidev\accessors-smart\2.5.1\accessors-smart-2.5.1.jar;C:\Users\ENovikov\.m2\repository\org\ow2\asm\asm\9.6\asm-9.6.jar;C:\Users\ENovikov\.m2\repository\org\awaitility\awaitility\4.2.1\awaitility-4.2.1.jar;C:\Users\ENovikov\.m2\repository\org\hamcrest\hamcrest\2.2\hamcrest-2.2.jar;C:\Users\ENovikov\.m2\repository\org\junit\jupiter\junit-jupiter\5.10.3\junit-jupiter-5.10.3.jar;C:\Users\ENovikov\.m2\repository\org\junit\jupiter\junit-jupiter-params\5.10.3\junit-jupiter-params-5.10.3.jar;C:\Users\ENovikov\.m2\repository\org\junit\jupiter\junit-jupiter-engine\5.10.3\junit-jupiter-engine-5.10.3.jar;C:\Users\ENovikov\.m2\repository\org\junit\platform\junit-platform-engine\1.10.3\junit-platform-engine-1.10.3.jar;C:\Users\ENovikov\.m2\repository\org\mockito\mockito-core\5.11.0\mockito-core-5.11.0.jar;C:\Users\ENovikov\.m2\repository\net\bytebuddy\byte-buddy-agent\1.14.18\byte-buddy-agent-1.14.18.jar;C:\Users\ENovikov\.m2\repository\org\objenesis\objenesis\3.3\objenesis-3.3.jar;C:\Users\ENovikov\.m2\repository\org\mockito\mockito-junit-jupiter\5.11.0\mockito-junit-jupiter-5.11.0.jar;C:\Users\ENovikov\.m2\repository\org\skyscreamer\jsonassert\1.5.3\jsonassert-1.5.3.jar;C:\Users\ENovikov\.m2\repository\com\vaadin\external\google\android-json\0.0.20131108.vaadin1\android-json-0.0.20131108.vaadin1.jar;C:\Users\ENovikov\.m2\repository\org\springframework\spring-core\6.1.11\spring-core-6.1.11.jar;C:\Users\ENovikov\.m2\repository\org\springframework\spring-jcl\6.1.11\spring-jcl-6.1.11.jar;C:\Users\ENovikov\.m2\repository\org\xmlunit\xmlunit-core\2.9.1\xmlunit-core-2.9.1.jar;C:\Users\ENovikov\.m2\repository\org\projectlombok\lombok\1.18.32\lombok-1.18.32.jar;C:\Users\ENovikov\.m2\repository\com\fasterxml\jackson\datatype\jackson-datatype-jsr310\2.17.2\jackson-datatype-jsr310-2.17.2.jar;C:\Users\ENovikov\.m2\repository\com\fasterxml\jackson\core\jackson-annotations\2.17.2\jackson-annotations-2.17.2.jar;C:\Users\ENovikov\.m2\repository\com\fasterxml\jackson\core\jackson-core\2.17.2\jackson-core-2.17.2.jar;C:\Users\ENovikov\.m2\repository\com\fasterxml\jackson\core\jackson-databind\2.17.2\jackson-databind-2.17.2.jar;C:\Users\ENovikov\.m2\repository\org\assertj\assertj-core\3.26.3\assertj-core-3.26.3.jar;C:\Users\ENovikov\.m2\repository\net\bytebuddy\byte-buddy\1.14.18\byte-buddy-1.14.18.jar;"/>
    <property name="sun.cpu.endian" value="little"/>
    <property name="user.home" value="C:\Users\ENovikov"/>
    <property name="user.language" value="en"/>
    <property name="java.specification.vendor" value="Oracle Corporation"/>
    <property name="java.version.date" value="2024-01-16"/>
    <property name="java.home" value="C:\Users\ENovikov\java\jdk-21.0.2"/>
    <property name="file.separator" value="\"/>
    <property name="basedir" value="C:\Users\ENovikov\Projects\spring-questions-training\16-integration-testing-with-spring\spring-testing"/>
    <property name="java.vm.compressedOopsMode" value="Zero based"/>
    <property name="line.separator" value="&#10;"/>
    <property name="java.vm.specification.vendor" value="Oracle Corporation"/>
    <property name="java.specification.name" value="Java Platform API Specification"/>
    <property name="FILE_LOG_CHARSET" value="UTF-8"/>
    <property name="java.awt.headless" value="true"/>
    <property name="surefire.real.class.path" value="C:\Users\ENovikov\AppData\Local\Temp\surefire1502856043257844781\surefirebooter-20250111172828556_3.jar"/>
    <property name="user.script" value=""/>
    <property name="sun.management.compiler" value="HotSpot 64-Bit Tiered Compilers"/>
    <property name="org.eclipse.jetty.http.HttpGenerator.STRICT" value="true"/>
    <property name="java.runtime.version" value="21.0.2+13-58"/>
    <property name="user.name" value="ENovikov"/>
    <property name="stdout.encoding" value="Cp1252"/>
    <property name="path.separator" value=";"/>
    <property name="os.version" value="10.0"/>
    <property name="java.runtime.name" value="OpenJDK Runtime Environment"/>
    <property name="file.encoding" value="UTF-8"/>
    <property name="java.vm.name" value="OpenJDK 64-Bit Server VM"/>
    <property name="localRepository" value="C:\Users\ENovikov\.m2\repository"/>
    <property name="javax.xml.xpath.XPathFactory:http://java.sun.com/jaxp/xpath/dom" value="com.sun.org.apache.xpath.internal.jaxp.XPathFactoryImpl"/>
    <property name="java.vendor.url.bug" value="https://bugreport.java.com/bugreport/"/>
    <property name="jetty.git.hash" value="9f90cedce372142f30c744a16a38d2c6bf634ab6"/>
    <property name="java.io.tmpdir" value="C:\Users\ENovikov\AppData\Local\Temp\"/>
    <property name="catalina.home" value="C:\Users\ENovikov\AppData\Local\Temp\tomcat.0.12262920019289625470"/>
    <property name="com.zaxxer.hikari.pool_number" value="2"/>
    <property name="java.version" value="21.0.2"/>
    <property name="user.dir" value="C:\Users\ENovikov\Projects\spring-questions-training\16-integration-testing-with-spring\spring-testing"/>
    <property name="os.arch" value="amd64"/>
    <property name="java.vm.specification.name" value="Java Virtual Machine Specification"/>
    <property name="PID" value="23772"/>
    <property name="sun.os.patch.level" value=""/>
    <property name="CONSOLE_LOG_CHARSET" value="UTF-8"/>
    <property name="catalina.base" value="C:\Users\ENovikov\AppData\Local\Temp\tomcat.0.13376990615693707338"/>
    <property name="native.encoding" value="Cp1252"/>
    <property name="java.library.path" value="C:\Users\ENovikov\java\jdk-21.0.2\bin;C:\Windows\Sun\Java\bin;C:\Windows\system32;C:\Windows;C:\Program Files\Eclipse Adoptium\jdk-21.0.3.9-hotspot\bin;C:\Program Files\Common Files\Oracle\Java\javapath;C:\Windows\system32;C:\Windows;C:\Windows\System32\Wbem;C:\Windows\System32\WindowsPowerShell\v1.0\;C:\Windows\System32\OpenSSH\;C:\Program Files (x86)\Symantec\VIP Access Client\;C:\Program Files\Git\cmd;C:\Users\ENovikov\AppData\Local\Microsoft\WindowsApps;C:\Users\ENovikov\java\jdk-21.0.2\bin;C:\Users\ENovikov\apache-maven-3.9.3-bin\apache-maven-3.9.3\bin;C:\Users\ENovikov\AppData\Local\Programs\Microsoft VS Code\bin;c:\Users\ENovikov\AppData\Roaming\Code\User\globalStorage\github.copilot-chat\debugCommand;."/>
    <property name="java.vm.info" value="mixed mode, sharing"/>
    <property name="stderr.encoding" value="Cp1252"/>
    <property name="java.vendor" value="Oracle Corporation"/>
    <property name="java.vm.version" value="21.0.2+13-58"/>
    <property name="sun.io.unicode.encoding" value="UnicodeLittle"/>
    <property name="javax.xml.transform.TransformerFactory" value="com.sun.org.apache.xalan.internal.xsltc.trax.TransformerFactoryImpl"/>
    <property name="java.class.version" value="65.0"/>
    <property name="LOGGED_APPLICATION_NAME" value="[spring-testing] "/>
  </properties>
  <testcase name="testGetStatisticsReturns200Status" classname="com.xevgnov.spring.testing.integration.ExchangeControllerWireMockH2Test" time="1.775">
    <error message="Error while extracting response for type [class com.xevgnov.spring.testing.dto.ExchangeStatistics] and content type [application/json]" type="org.springframework.web.client.RestClientException"><![CDATA[org.springframework.web.client.RestClientException: Error while extracting response for type [class com.xevgnov.spring.testing.dto.ExchangeStatistics] and content type [application/json]
	at org.springframework.web.client.HttpMessageConverterExtractor.extractData(HttpMessageConverterExtractor.java:119)
	at org.springframework.web.client.RestTemplate$ResponseEntityResponseExtractor.extractData(RestTemplate.java:1159)
	at org.springframework.web.client.RestTemplate$ResponseEntityResponseExtractor.extractData(RestTemplate.java:1142)
	at org.springframework.web.client.RestTemplate.doExecute(RestTemplate.java:892)
	at org.springframework.web.client.RestTemplate.execute(RestTemplate.java:790)
	at org.springframework.web.client.RestTemplate.getForEntity(RestTemplate.java:431)
	at org.springframework.boot.test.web.client.TestRestTemplate.getForEntity(TestRestTemplate.java:244)
	at com.xevgnov.spring.testing.integration.ExchangeControllerWireMockH2Test.testGetStatisticsReturns200Status(ExchangeControllerWireMockH2Test.java:83)
	at java.base/java.lang.reflect.Method.invoke(Method.java:580)
	at java.base/java.util.ArrayList.forEach(ArrayList.java:1596)
	at java.base/java.util.ArrayList.forEach(ArrayList.java:1596)
Caused by: org.springframework.http.converter.HttpMessageNotReadableException: JSON parse error: Unrecognized field "message" (class com.xevgnov.spring.testing.dto.ExchangeStatistics), not marked as ignorable
	at org.springframework.http.converter.json.AbstractJackson2HttpMessageConverter.readJavaType(AbstractJackson2HttpMessageConverter.java:406)
	at org.springframework.http.converter.json.AbstractJackson2HttpMessageConverter.read(AbstractJackson2HttpMessageConverter.java:354)
	at org.springframework.web.client.HttpMessageConverterExtractor.extractData(HttpMessageConverterExtractor.java:104)
	... 10 more
Caused by: com.fasterxml.jackson.databind.exc.UnrecognizedPropertyException: Unrecognized field "message" (class com.xevgnov.spring.testing.dto.ExchangeStatistics), not marked as ignorable (6 known properties: "currentPrice", "sellCurrency", "buyCurrency", "priceHistory", "averagePrice", "date"])
 at [Source: REDACTED (`StreamReadFeature.INCLUDE_SOURCE_IN_LOCATION` disabled); line: 1, column: 13] (through reference chain: com.xevgnov.spring.testing.dto.ExchangeStatistics["message"])
	at com.fasterxml.jackson.databind.exc.UnrecognizedPropertyException.from(UnrecognizedPropertyException.java:61)
	at com.fasterxml.jackson.databind.DeserializationContext.handleUnknownProperty(DeserializationContext.java:1153)
	at com.fasterxml.jackson.databind.deser.std.StdDeserializer.handleUnknownProperty(StdDeserializer.java:2241)
	at com.fasterxml.jackson.databind.deser.BeanDeserializerBase.handleUnknownProperty(BeanDeserializerBase.java:1793)
	at com.fasterxml.jackson.databind.deser.BeanDeserializerBase.handleUnknownVanilla(BeanDeserializerBase.java:1771)
	at com.fasterxml.jackson.databind.deser.BeanDeserializer.vanillaDeserialize(BeanDeserializer.java:316)
	at com.fasterxml.jackson.databind.deser.BeanDeserializer.deserialize(BeanDeserializer.java:177)
	at com.fasterxml.jackson.databind.deser.DefaultDeserializationContext.readRootValue(DefaultDeserializationContext.java:342)
	at com.fasterxml.jackson.databind.ObjectReader._bindAndClose(ObjectReader.java:2125)
	at com.fasterxml.jackson.databind.ObjectReader.readValue(ObjectReader.java:1501)
	at org.springframework.http.converter.json.AbstractJackson2HttpMessageConverter.readJavaType(AbstractJackson2HttpMessageConverter.java:395)
	... 12 more
]]></error>
    <system-out><![CDATA[2025-01-11T17:28:50.648+01:00  INFO 23772 --- [spring-testing] [           main] t.c.s.AnnotationConfigContextLoaderUtils : Could not detect default configuration classes for test class [com.xevgnov.spring.testing.integration.ExchangeControllerWireMockH2Test]: ExchangeControllerWireMockH2Test does not declare any static, non-private, non-final, nested classes annotated with @Configuration.
2025-01-11T17:28:50.658+01:00  INFO 23772 --- [spring-testing] [           main] .b.t.c.SpringBootTestContextBootstrapper : Found @SpringBootConfiguration com.xevgnov.spring.testing.Application for test class com.xevgnov.spring.testing.integration.ExchangeControllerWireMockH2Test

  .   ____          _            __ _ _
 /\\ / ___'_ __ _ _(_)_ __  __ _ \ \ \ \
( ( )\___ | '_ | '_| | '_ \/ _` | \ \ \ \
 \\/  ___)| |_)| | | | | || (_| |  ) ) ) )
  '  |____| .__|_| |_|_| |_\__, | / / / /
 =========|_|==============|___/=/_/_/_/

 :: Spring Boot ::                (v3.3.2)

2025-01-11T17:28:50.966+01:00  INFO 23772 --- [spring-testing] [           main] org.wiremock.spring.internal.Store       : Resolving store from context: spring-testing
2025-01-11T17:28:51.064+01:00  INFO 23772 --- [spring-testing] [           main] c.w.s.i.WireMockServerCreator wiremock   : Looking for mocks in directory wiremock\wiremock... 
2025-01-11T17:28:51.065+01:00  INFO 23772 --- [spring-testing] [           main] c.w.s.i.WireMockServerCreator wiremock   : Looking for mocks in directory stubs\wiremock... 
2025-01-11T17:28:51.065+01:00  INFO 23772 --- [spring-testing] [           main] c.w.s.i.WireMockServerCreator wiremock   : Looking for mocks in directory mappings\wiremock... 
2025-01-11T17:28:51.067+01:00  INFO 23772 --- [spring-testing] [           main] c.w.s.i.WireMockServerCreator wiremock   : Looking for mocks in directory wiremock... 
2025-01-11T17:28:51.068+01:00  INFO 23772 --- [spring-testing] [           main] c.w.s.i.WireMockServerCreator wiremock   : Looking for mocks in directory stubs... 
2025-01-11T17:28:51.068+01:00  INFO 23772 --- [spring-testing] [           main] c.w.s.i.WireMockServerCreator wiremock   : Looking for mocks in directory mappings... 
2025-01-11T17:28:51.070+01:00  INFO 23772 --- [spring-testing] [           main] c.w.s.i.WireMockServerCreator wiremock   : No mocks found under directory
2025-01-11T17:28:51.072+01:00  INFO 23772 --- [spring-testing] [           main] c.w.s.i.WireMockServerCreator wiremock   : No mocks found under classpath
2025-01-11T17:28:51.075+01:00  INFO 23772 --- [spring-testing] [           main] c.w.s.i.WireMockServerCreator wiremock   : Configuring WireMockServer with name 'wiremock' on HTTP port: 0 and HTTPS port: -1
2025-01-11T17:28:52.219+01:00  INFO 23772 --- [spring-testing] [           main] WireMock wiremock                        : Using HTTP server impl: Jetty12HttpServer
2025-01-11T17:28:52.258+01:00  INFO 23772 --- [spring-testing] [           main] org.eclipse.jetty.server.Server          : jetty-12.0.11; built: 2024-06-27T23:42:49.912Z; git: 9f90cedce372142f30c744a16a38d2c6bf634ab6; jvm 21.0.2+13-58
2025-01-11T17:28:52.313+01:00  INFO 23772 --- [spring-testing] [           main] o.e.jetty.server.handler.ContextHandler  : Started oeje10s.ServletContextHandler@75abbb61{/__admin,/__admin,b=null,a=AVAILABLE,h=oeje10s.ServletHandler@740610a2{STARTED}}
2025-01-11T17:28:52.321+01:00  WARN 23772 --- [spring-testing] [           main] o.eclipse.jetty.util.DeprecationWarning  : Using @Deprecated Class org.eclipse.jetty.ee10.servlets.CrossOriginFilter
2025-01-11T17:28:52.328+01:00  INFO 23772 --- [spring-testing] [           main] o.e.j.e.servlet.ServletContextHandler    : Started oeje10s.ServletContextHandler@75abbb61{/__admin,/__admin,b=null,a=AVAILABLE,h=oeje10s.ServletHandler@740610a2{STARTED}}
2025-01-11T17:28:52.333+01:00  INFO 23772 --- [spring-testing] [           main] o.e.jetty.server.handler.ContextHandler  : Started oeje10s.ServletContextHandler@23f4aaeb{ROOT,/,b=null,a=AVAILABLE,h=oeje10s.ServletHandler@6f914212{STARTED}}
2025-01-11T17:28:52.342+01:00  INFO 23772 --- [spring-testing] [           main] o.e.j.s.handler.ContextHandler.ROOT      : RequestHandlerClass from context returned com.github.tomakehurst.wiremock.http.StubRequestHandler. Normalized mapped under returned 'null'
2025-01-11T17:28:52.342+01:00  INFO 23772 --- [spring-testing] [           main] o.e.j.e.servlet.ServletContextHandler    : Started oeje10s.ServletContextHandler@23f4aaeb{ROOT,/,b=null,a=AVAILABLE,h=oeje10s.ServletHandler@6f914212{STARTED}}
2025-01-11T17:28:52.387+01:00  INFO 23772 --- [spring-testing] [           main] o.e.jetty.server.AbstractConnector       : Started NetworkTrafficServerConnector@77fbbb3d{HTTP/1.1, (http/1.1, h2c)}{0.0.0.0:63378}
2025-01-11T17:28:52.395+01:00  INFO 23772 --- [spring-testing] [           main] org.eclipse.jetty.server.Server          : Started oejs.Server@65977161{STARTING}[12.0.11,sto=1000] @22367ms
2025-01-11T17:28:52.396+01:00  INFO 23772 --- [spring-testing] [           main] c.w.s.i.WireMockServerCreator wiremock   : Started WireMockServer with name 'wiremock':http://localhost:63378
2025-01-11T17:28:52.397+01:00  INFO 23772 --- [spring-testing] [           main] org.wiremock.spring.internal.Store       : Resolving store from context: spring-testing
2025-01-11T17:28:52.400+01:00  INFO 23772 --- [spring-testing] [           main] c.w.s.i.WireMockServerCreator wiremock   : Adding property 'wiremock.server.baseUrl=http://localhost:63378' with HTTP base URL to Spring application context
2025-01-11T17:28:52.402+01:00  INFO 23772 --- [spring-testing] [           main] c.w.s.i.WireMockServerCreator wiremock   : Adding property 'wiremock.server.port=63378' with HTTP port to Spring application context
2025-01-11T17:28:52.427+01:00  INFO 23772 --- [spring-testing] [           main] x.s.t.i.ExchangeControllerWireMockH2Test : Starting ExchangeControllerWireMockH2Test using Java 21.0.2 with PID 23772 (started by ENovikov in C:\Users\ENovikov\Projects\spring-questions-training\16-integration-testing-with-spring\spring-testing)
2025-01-11T17:28:52.429+01:00  INFO 23772 --- [spring-testing] [           main] x.s.t.i.ExchangeControllerWireMockH2Test : No active profile set, falling back to 1 default profile: "default"
2025-01-11T17:28:53.548+01:00  INFO 23772 --- [spring-testing] [           main] .s.d.r.c.RepositoryConfigurationDelegate : Bootstrapping Spring Data JPA repositories in DEFAULT mode.
2025-01-11T17:28:53.634+01:00  INFO 23772 --- [spring-testing] [           main] .s.d.r.c.RepositoryConfigurationDelegate : Finished Spring Data repository scanning in 82 ms. Found 1 JPA repository interface.
2025-01-11T17:28:54.189+01:00  INFO 23772 --- [spring-testing] [           main] o.s.cloud.context.scope.GenericScope     : BeanFactory id=87f550ce-1ea5-3cf1-ab99-ed93b668926a
2025-01-11T17:28:54.555+01:00  INFO 23772 --- [spring-testing] [           main] o.s.b.w.embedded.tomcat.TomcatWebServer  : Tomcat initialized with port 0 (http)
2025-01-11T17:28:54.558+01:00  INFO 23772 --- [spring-testing] [           main] o.apache.catalina.core.StandardService   : Starting service [Tomcat]
2025-01-11T17:28:54.559+01:00  INFO 23772 --- [spring-testing] [           main] o.apache.catalina.core.StandardEngine    : Starting Servlet engine: [Apache Tomcat/10.1.26]
2025-01-11T17:28:54.804+01:00  INFO 23772 --- [spring-testing] [           main] o.a.c.c.C.[Tomcat-1].[localhost].[/]     : Initializing Spring embedded WebApplicationContext
2025-01-11T17:28:54.804+01:00  INFO 23772 --- [spring-testing] [           main] w.s.c.ServletWebServerApplicationContext : Root WebApplicationContext: initialization completed in 2367 ms
2025-01-11T17:28:54.892+01:00  INFO 23772 --- [spring-testing] [           main] com.zaxxer.hikari.HikariDataSource       : HikariPool-2 - Starting...
2025-01-11T17:28:54.899+01:00  INFO 23772 --- [spring-testing] [           main] com.zaxxer.hikari.pool.HikariPool        : HikariPool-2 - Added connection conn10: url=jdbc:h2:file:./h2-spring-testing-database user=ADMIN
2025-01-11T17:28:54.900+01:00  INFO 23772 --- [spring-testing] [           main] com.zaxxer.hikari.HikariDataSource       : HikariPool-2 - Start completed.
2025-01-11T17:28:54.901+01:00  INFO 23772 --- [spring-testing] [           main] o.s.b.a.h2.H2ConsoleAutoConfiguration    : H2 console available at '/h2-console'. Database available at 'jdbc:h2:file:./h2-spring-testing-database'
2025-01-11T17:28:55.092+01:00  INFO 23772 --- [spring-testing] [           main] o.hibernate.jpa.internal.util.LogHelper  : HHH000204: Processing PersistenceUnitInfo [name: default]
2025-01-11T17:28:55.109+01:00  INFO 23772 --- [spring-testing] [           main] o.h.c.internal.RegionFactoryInitiator    : HHH000026: Second-level cache disabled
2025-01-11T17:28:55.147+01:00  INFO 23772 --- [spring-testing] [           main] o.s.o.j.p.SpringPersistenceUnitInfo      : No LoadTimeWeaver setup: ignoring JPA class transformer
2025-01-11T17:28:55.443+01:00  INFO 23772 --- [spring-testing] [           main] o.h.e.t.j.p.i.JtaPlatformInitiator       : HHH000489: No JTA platform available (set 'hibernate.transaction.jta.platform' to enable JTA platform integration)
2025-01-11T17:28:55.450+01:00  INFO 23772 --- [spring-testing] [           main] j.LocalContainerEntityManagerFactoryBean : Initialized JPA EntityManagerFactory for persistence unit 'default'
2025-01-11T17:28:55.615+01:00  WARN 23772 --- [spring-testing] [           main] JpaBaseConfiguration$JpaWebConfiguration : spring.jpa.open-in-view is enabled by default. Therefore, database queries may be performed during view rendering. Explicitly configure spring.jpa.open-in-view to disable this warning
2025-01-11T17:28:56.374+01:00  INFO 23772 --- [spring-testing] [           main] o.s.b.w.embedded.tomcat.TomcatWebServer  : Tomcat started on port 63391 (http) with context path '/'
2025-01-11T17:28:56.550+01:00  INFO 23772 --- [spring-testing] [           main] x.s.t.i.ExchangeControllerWireMockH2Test : Started ExchangeControllerWireMockH2Test in 5.864 seconds (process running for 26.523)
2025-01-11T17:28:56.569+01:00  INFO 23772 --- [spring-testing] [           main] org.wiremock.spring.internal.Store       : Resolving store from context: spring-testing
2025-01-11T17:28:56.573+01:00  INFO 23772 --- [spring-testing] [           main] org.wiremock.spring.internal.Store       : Resolving store from context: spring-testing
2025-01-11T17:28:56.574+01:00  INFO 23772 --- [spring-testing] [           main] o.w.s.i.WireMockSpringJunitExtension     : Configuring WireMock for default instance, 'wiremock' on '63378'.
2025-01-11T17:28:57.411+01:00  INFO 23772 --- [spring-testing] [tp1903221272-67] o.e.j.s.handler.ContextHandler.___admin  : RequestHandlerClass from context returned com.github.tomakehurst.wiremock.http.AdminRequestHandler. Normalized mapped under returned 'null'
2025-01-11T17:28:57.472+01:00  INFO 23772 --- [spring-testing] [tp1903221272-67] WireMock wiremock                        : Admin request received:
127.0.0.1 - POST /mappings

Content-Type: [application/json]
Content-Length: [555]
Host: [localhost:63378]
Connection: [keep-alive]
User-Agent: [Apache-HttpClient/5.3.1 (Java/21.0.2)]
{
  "id" : "8683e8c3-7d1e-45e2-9100-f8ff85f810c4",
  "request" : {
    "url" : "/historical?date=2025-01-12&currencies=USD&base=EUR",
    "method" : "GET"
  },
  "response" : {
    "status" : 200,
    "body" : "{\"success\":true,\"terms\":\"terms\",\"privacy\":\"privacy\",\"timestamp\":\"2025-01-11T16:28:56.593391100Z\",\"date\":\"2025-01-11T17:28:56.5933911+01:00\",\"base\":\"EUR\",\"rates\":{\"USD\":1.0271234}}",
    "headers" : {
      "Content-Type" : "application/json"
    }
  },
  "uuid" : "8683e8c3-7d1e-45e2-9100-f8ff85f810c4"
}

2025-01-11T17:28:57.736+01:00  INFO 23772 --- [spring-testing] [o-auto-2-exec-3] o.a.c.c.C.[Tomcat-1].[localhost].[/]     : Initializing Spring DispatcherServlet 'dispatcherServlet'
2025-01-11T17:28:57.736+01:00  INFO 23772 --- [spring-testing] [o-auto-2-exec-3] o.s.web.servlet.DispatcherServlet        : Initializing Servlet 'dispatcherServlet'
2025-01-11T17:28:57.738+01:00  INFO 23772 --- [spring-testing] [o-auto-2-exec-3] o.s.web.servlet.DispatcherServlet        : Completed initialization in 1 ms
2025-01-11T17:28:57.753+01:00  INFO 23772 --- [spring-testing] [o-auto-2-exec-3] c.x.s.t.service.CurrencyServiceImpl      : About to get ExchangeRecordId(date=2025-01-11, sellCurrency=EUR, buyCurrency=USD) from database
2025-01-11T17:28:58.241+01:00  INFO 23772 --- [spring-testing] [o-auto-2-exec-3] c.x.s.t.service.CurrencyServiceImpl      : About to get ExchangeRecordId(date=2025-01-11, sellCurrency=EUR, buyCurrency=USD) from API
]]></system-out>
  </testcase>
</testsuite>